Feb 02, 2018 6:12:14 AM java.util.prefs.WindowsPreferences <init>
WARNING: Could not open/create prefs root node Software\JavaSoft\Prefs at root 0x80000002. Windows RegCreateKeyEx(...) returned error code 5.
Feb 02, 2018 6:12:16 AM com.google.apphosting.utils.config.IndexesXmlReader readConfigXml
INFO: Successfully processed ./LegacyRemoval\WEB-INF/datastore-indexes.xml
Feb 02, 2018 6:12:17 AM com.google.appengine.tools.admin.AbstractServerConnection send1
WARNING: Error posting to URL: https://appengine.google.com/api/backends/delete?backend=background&app_id=project-garikhata&
400 Bad Request
Deleting backend: backgroundBackend 'background' has not been defined.
This is try #0
Feb 02, 2018 6:12:18 AM com.google.appengine.tools.admin.AbstractServerConnection send1
WARNING: Error posting to URL: https://appengine.google.com/api/backends/delete?backend=background&app_id=project-garikhata&
400 Bad Request
Deleting backend: backgroundBackend 'background' has not been defined.
This is try #1
Feb 02, 2018 6:12:18 AM com.google.appengine.tools.admin.AbstractServerConnection send1
WARNING: Error posting to URL: https://appengine.google.com/api/backends/delete?backend=background&app_id=project-garikhata&
400 Bad Request
Deleting backend: backgroundBackend 'background' has not been defined.
This is try #2
Feb 02, 2018 6:12:19 AM com.google.appengine.tools.admin.AbstractServerConnection send1
WARNING: Error posting to URL: https://appengine.google.com/api/backends/delete?backend=background&app_id=project-garikhata&
400 Bad Request
Deleting backend: backgroundBackend 'background' has not been defined.
This is try #3

