Feb 02, 2018 6:09:40 AM java.util.prefs.WindowsPreferences <init>
WARNING: Could not open/create prefs root node Software\JavaSoft\Prefs at root 0x80000002. Windows RegCreateKeyEx(...) returned error code 5.
Feb 02, 2018 6:09:42 AM com.google.appengine.repackaged.com.google.api.client.extensions.java6.auth.oauth2.FileCredentialStore <init>
WARNING: unable to change file permissions for everybody: C:\Users\HP\.appcfg_oauth2_tokens_java
Feb 02, 2018 6:09:59 AM com.google.apphosting.utils.config.IndexesXmlReader readConfigXml
INFO: Successfully processed ./LegacyRemoval\WEB-INF/datastore-indexes.xml
Feb 02, 2018 6:10:00 AM com.google.appengine.tools.admin.AbstractServerConnection send1
WARNING: Error posting to URL: https://appengine.google.com/api/appversion/getresourcelimits?app_id=project-garikhata&version=1&
404 Not Found
This application does not exist (project_id=u'project-garikhata'). To create an App Engine application in this project, run "gcloud app create" in your console.
This is try #0
Feb 02, 2018 6:10:01 AM com.google.appengine.tools.admin.AbstractServerConnection send1
WARNING: Error posting to URL: https://appengine.google.com/api/appversion/getresourcelimits?app_id=project-garikhata&version=1&
404 Not Found
This application does not exist (project_id=u'project-garikhata'). To create an App Engine application in this project, run "gcloud app create" in your console.
This is try #1
Feb 02, 2018 6:10:02 AM com.google.appengine.tools.admin.AbstractServerConnection send1
WARNING: Error posting to URL: https://appengine.google.com/api/appversion/getresourcelimits?app_id=project-garikhata&version=1&
404 Not Found
This application does not exist (project_id=u'project-garikhata'). To create an App Engine application in this project, run "gcloud app create" in your console.
This is try #2
Feb 02, 2018 6:10:02 AM com.google.appengine.tools.admin.AbstractServerConnection send1
WARNING: Error posting to URL: https://appengine.google.com/api/appversion/getresourcelimits?app_id=project-garikhata&version=1&
404 Not Found
This application does not exist (project_id=u'project-garikhata'). To create an App Engine application in this project, run "gcloud app create" in your console.
This is try #3

